[2026-03-31 11:58:31]
Page URL: https://zeroscann.com/manga/eleceed/chapter-1
Image URL: https://cdn2.holdingyouclose.xyz/eleceed/1/0.webp
Referer: https://zeroscann.com/manga/eleceed/chapter-1
HTTP: 403
Content-Type: 
Note: Remote server returned HTTP 403.
--------------------------------------------------------------------------------
[2026-03-31 11:58:31]
Page URL: https://zeroscann.com/manga/eleceed/chapter-1
Image URL: https://cdn2.holdingyouclose.xyz/eleceed/1/0.webp
Referer: https://zeroscann.com/
HTTP: 200
Content-Type: 
Note: Remote server returned HTTP 200.
--------------------------------------------------------------------------------
[2026-03-31 11:58:33]
Page URL: https://zeroscann.com/manga/eleceed/chapter-1
Image URL: https://cdn2.holdingyouclose.xyz/eleceed/1/0.webp
Referer: https://cdn2.holdingyouclose.xyz/
HTTP: 403
Content-Type: 
Note: Remote server returned HTTP 403.
--------------------------------------------------------------------------------
[2026-03-31 11:58:33]
Page URL: https://zeroscann.com/manga/eleceed/chapter-1
Image URL: https://cdn2.holdingyouclose.xyz/eleceed/1/0.webp
Referer: https://cdn2.holdingyouclose.xyz/eleceed/1/0.webp
HTTP: 403
Content-Type: 
Note: Remote server returned HTTP 403.
--------------------------------------------------------------------------------
[2026-03-31 13:11:27]
Page URL: https://hivetoons.org/series/eleceed/chapter-20
Image URL: https://storage.hivetoon.com/public/upload/series/eleceed/ba9826bea7201405/image_37_955099b7.webp
Referer: https://hivetoons.org/series/eleceed/chapter-20
HTTP: 200
Content-Type: 
Note: Remote server returned HTTP 200.
--------------------------------------------------------------------------------
[2026-03-31 13:22:07]
Page URL: https://hivetoons.org/series/eleceed/chapter-26
Image URL: https://storage.hivetoon.com/public/upload/series/eleceed/b523120b39d4e033/image_47_d70773af.webp
Referer: https://hivetoons.org/series/eleceed/chapter-26
HTTP: 200
Content-Type: 
Note: Remote server returned HTTP 200.
--------------------------------------------------------------------------------
[2026-03-31 13:28:15]
Page URL: https://hivetoons.org/series/eleceed/chapter-29
Image URL: https://storage.hivetoon.com/public/upload/series/eleceed/31f2049af0f84814/image_14_a83c46c9.webp
Referer: https://hivetoons.org/series/eleceed/chapter-29
HTTP: 200
Content-Type: 
Note: Remote server returned HTTP 200.
--------------------------------------------------------------------------------
[2026-03-31 13:28:15]
Page URL: https://hivetoons.org/series/eleceed/chapter-29
Image URL: https://storage.hivetoon.com/public/upload/series/eleceed/31f2049af0f84814/image_14_a83c46c9.webp
Referer: https://hivetoons.org/
HTTP: 0
Content-Type: 
Note: Remote server returned an empty response.
--------------------------------------------------------------------------------
[2026-03-31 13:38:36]
Page URL: https://hivetoons.org/series/eleceed/chapter-34
Image URL: https://storage.hivetoon.com/public/upload/series/eleceed/f29b985e534c8e2f/image_71_f27abcf2.webp
Referer: https://hivetoons.org/series/eleceed/chapter-34
HTTP: 200
Content-Type: 
Note: Remote server returned HTTP 200.
--------------------------------------------------------------------------------
[2026-03-31 13:41:10]
Page URL: https://hivetoons.org/series/eleceed/chapter-36
Image URL: https://storage.hivetoon.com/public/upload/series/eleceed/bca2d5b93f76ded2/image_30_4091f21d.webp
Referer: https://hivetoons.org/series/eleceed/chapter-36
HTTP: 200
Content-Type: 
Note: Remote server returned HTTP 200.
--------------------------------------------------------------------------------
[2026-03-31 14:16:25]
Page URL: https://hivetoons.org/series/eleceed/chapter-51
Image URL: https://storage.hivetoon.com/public/upload/series/eleceed/a275805f82044e50/image_5_8e2dbd79.webp
Referer: https://hivetoons.org/series/eleceed/chapter-51
HTTP: 200
Content-Type: 
Note: Remote server returned HTTP 200.
--------------------------------------------------------------------------------
[2026-03-31 15:46:35]
Page URL: https://hivetoons.org/series/eleceed/chapter-91
Image URL: https://storage.hivetoon.com/public/upload/series/eleceed/1e82b17ca47d30a7/image_4_37a9d53e.webp
Referer: https://hivetoons.org/series/eleceed/chapter-91
HTTP: 522
Content-Type: 
Note: Remote server returned HTTP 522.
--------------------------------------------------------------------------------
[2026-03-31 16:00:52]
Page URL: https://hivetoons.org/series/eleceed/chapter-96
Image URL: https://storage.hivetoon.com/public/upload/series/eleceed/e0e734bfe0fefd40/image_119_92e84f85.webp
Referer: https://hivetoons.org/series/eleceed/chapter-96
HTTP: 522
Content-Type: 
Note: Remote server returned HTTP 522.
--------------------------------------------------------------------------------
[2026-03-31 16:04:55]
Page URL: https://hivetoons.org/series/eleceed/chapter-98
Image URL: https://storage.hivetoon.com/public/upload/series/eleceed/275189040c395d6b/image_72_945b94ce.webp
Referer: https://hivetoons.org/series/eleceed/chapter-98
HTTP: 0
Content-Type: 
Note: Remote server returned an empty response.
--------------------------------------------------------------------------------
[2026-04-02 03:23:34]
Page URL: https://hivetoons.org/series/eleceed/chapter-115
Image URL: https://storage.hivetoon.com/public/upload/series/eleceed/2670de53803f539b/image_25_152880c8.webp
Referer: https://hivetoons.org/series/eleceed/chapter-115
HTTP: 522
Content-Type: 
Note: Remote server returned HTTP 522.
--------------------------------------------------------------------------------
[2026-04-02 04:47:22]
Page URL: https://hivetoons.org/series/eleceed/chapter-152
Image URL: https://storage.hivetoon.com/public/upload/series/eleceed/dd543e1ab6af41af/image_115_75d4163f.webp
Referer: https://hivetoons.org/series/eleceed/chapter-152
HTTP: 522
Content-Type: 
Note: Remote server returned HTTP 522.
--------------------------------------------------------------------------------
[2026-04-02 04:59:05]
Page URL: https://hivetoons.org/series/eleceed/chapter-157
Image URL: https://storage.hivetoon.com/public/upload/series/eleceed/43de3cf2e2da94da/image_91_49a70981.webp
Referer: https://hivetoons.org/series/eleceed/chapter-157
HTTP: 522
Content-Type: 
Note: Remote server returned HTTP 522.
--------------------------------------------------------------------------------
[2026-04-02 05:26:26]
Page URL: https://hivetoons.org/series/eleceed/chapter-169
Image URL: https://storage.hivetoon.com/public/upload/series/eleceed/72417757fc9cba3e/image_90_a6861768.webp
Referer: https://hivetoons.org/series/eleceed/chapter-169
HTTP: 522
Content-Type: 
Note: Remote server returned HTTP 522.
--------------------------------------------------------------------------------
[2026-04-02 06:02:29]
Page URL: https://hivetoons.org/series/eleceed/chapter-186
Image URL: https://storage.hivetoon.com/public/upload/series/eleceed/04700e9d1d0d0f20/image_77_242f32e6.webp
Referer: https://hivetoons.org/series/eleceed/chapter-186
HTTP: 200
Content-Type: 
Note: Remote server returned HTTP 200.
--------------------------------------------------------------------------------
[2026-04-02 06:02:29]
Page URL: https://hivetoons.org/series/eleceed/chapter-186
Image URL: https://storage.hivetoon.com/public/upload/series/eleceed/04700e9d1d0d0f20/image_77_242f32e6.webp
Referer: https://hivetoons.org/
HTTP: 0
Content-Type: 
Note: Remote server returned an empty response.
--------------------------------------------------------------------------------
[2026-04-02 06:02:29]
Page URL: https://hivetoons.org/series/eleceed/chapter-186
Image URL: https://storage.hivetoon.com/public/upload/series/eleceed/04700e9d1d0d0f20/image_77_242f32e6.webp
Referer: https://storage.hivetoon.com/
HTTP: 0
Content-Type: 
Note: Remote server returned an empty response.
--------------------------------------------------------------------------------
[2026-04-02 06:02:29]
Page URL: https://hivetoons.org/series/eleceed/chapter-186
Image URL: https://storage.hivetoon.com/public/upload/series/eleceed/04700e9d1d0d0f20/image_77_242f32e6.webp
Referer: https://storage.hivetoon.com/public/upload/series/eleceed/04700e9d1d0d0f20/image_77_242f32e6.webp
HTTP: 0
Content-Type: 
Note: Remote server returned an empty response.
--------------------------------------------------------------------------------
[2026-04-02 06:20:56]
Page URL: https://hivetoons.org/series/eleceed/chapter-194
Image URL: https://storage.hivetoon.com/public/upload/series/eleceed/84de37b12242c970/image_45_bdbedbcb.webp
Referer: https://hivetoons.org/series/eleceed/chapter-194
HTTP: 522
Content-Type: 
Note: Remote server returned HTTP 522.
--------------------------------------------------------------------------------
[2026-04-09 13:21:12]
Page URL: https://manhuaus.com/manga/the-bully-in-charge/chapter-177/
Image URL: https://img.manhuaus.com/image2026/manga_637955757723078131/080faf944253ba125a94048c674b1798/001.webp
Referer: https://manhuaus.com/manga/the-bully-in-charge/chapter-177/
HTTP: 500
Content-Type: 
Note: Remote server returned HTTP 500.
--------------------------------------------------------------------------------
[2026-04-09 13:21:15]
Page URL: https://manhuaus.com/manga/the-bully-in-charge/chapter-177/
Image URL: https://img.manhuaus.com/image2026/manga_637955757723078131/080faf944253ba125a94048c674b1798/002.webp
Referer: https://manhuaus.com/manga/the-bully-in-charge/chapter-177/
HTTP: 525
Content-Type: 
Note: Remote server returned HTTP 525.
--------------------------------------------------------------------------------
[2026-04-09 13:21:17]
Page URL: https://manhuaus.com/manga/the-bully-in-charge/chapter-177/
Image URL: https://img.manhuaus.com/image2026/manga_637955757723078131/080faf944253ba125a94048c674b1798/003.webp
Referer: https://manhuaus.com/manga/the-bully-in-charge/chapter-177/
HTTP: 525
Content-Type: 
Note: Remote server returned HTTP 525.
--------------------------------------------------------------------------------
[2026-04-09 13:21:17]
Page URL: https://manhuaus.com/manga/the-bully-in-charge/chapter-177/
Image URL: https://img.manhuaus.com/image2026/manga_637955757723078131/080faf944253ba125a94048c674b1798/003.webp
Referer: https://manhuaus.com/
HTTP: 525
Content-Type: 
Note: Remote server returned HTTP 525.
--------------------------------------------------------------------------------
[2026-04-09 13:42:47]
Page URL: https://manhuaus.com/manga/the-world-after-the-fall/chapter-226/
Image URL: https://img.manhuaus.com/image2026/manga_637974079713236769/9c0ef43147a2accc7ee926729a254a10/003.webp
Referer: https://manhuaus.com/manga/the-world-after-the-fall/chapter-226/
HTTP: 525
Content-Type: 
Note: Remote server returned HTTP 525. Attempt 1/3.
--------------------------------------------------------------------------------
[2026-04-09 13:42:49]
Page URL: https://manhuaus.com/manga/the-world-after-the-fall/chapter-226/
Image URL: https://img.manhuaus.com/image2026/manga_637974079713236769/9c0ef43147a2accc7ee926729a254a10/003.webp
Referer: https://manhuaus.com/manga/the-world-after-the-fall/chapter-226/
HTTP: 525
Content-Type: 
Note: Remote server returned HTTP 525. Attempt 2/3.
--------------------------------------------------------------------------------
[2026-04-09 13:42:50]
Page URL: https://manhuaus.com/manga/the-world-after-the-fall/chapter-226/
Image URL: https://img.manhuaus.com/image2026/manga_637974079713236769/9c0ef43147a2accc7ee926729a254a10/003.webp
Referer: https://manhuaus.com/manga/the-world-after-the-fall/chapter-226/
HTTP: 500
Content-Type: 
Note: Remote server returned HTTP 500. Attempt 3/3.
--------------------------------------------------------------------------------
[2026-04-09 13:42:51]
Page URL: https://manhuaus.com/manga/the-world-after-the-fall/chapter-226/
Image URL: https://img.manhuaus.com/image2026/manga_637974079713236769/9c0ef43147a2accc7ee926729a254a10/003.webp
Referer: https://manhuaus.com/
HTTP: 500
Content-Type: 
Note: Remote server returned HTTP 500. Attempt 1/3.
--------------------------------------------------------------------------------
[2026-04-09 13:42:52]
Page URL: https://manhuaus.com/manga/the-world-after-the-fall/chapter-226/
Image URL: https://img.manhuaus.com/image2026/manga_637974079713236769/9c0ef43147a2accc7ee926729a254a10/003.webp
Referer: https://manhuaus.com/
HTTP: 525
Content-Type: 
Note: Remote server returned HTTP 525. Attempt 2/3.
--------------------------------------------------------------------------------
[2026-04-09 13:42:56]
Page URL: https://manhuaus.com/manga/the-world-after-the-fall/chapter-226/
Image URL: https://img.manhuaus.com/image2026/manga_637974079713236769/9c0ef43147a2accc7ee926729a254a10/005.webp
Referer: https://manhuaus.com/manga/the-world-after-the-fall/chapter-226/
HTTP: 525
Content-Type: 
Note: Remote server returned HTTP 525. Attempt 1/3.
--------------------------------------------------------------------------------
[2026-04-09 13:47:09]
Page URL: https://manhuaus.com/manga/infinite-mage/chapter-163/
Image URL: https://img.manhuaus.com/image2026/manga_638080340349267211/a1a14a1eff4f30dc738c4059514d65b9/002.webp
Referer: https://manhuaus.com/manga/infinite-mage/chapter-163/
HTTP: 0
Content-Type: 
Note: Request error: Operation timed out after 20015 milliseconds with 0 bytes received Attempt 1/3.
--------------------------------------------------------------------------------
[2026-04-09 13:48:24]
Page URL: https://manhuaus.com/manga/dumped-by-my-girlfriend-i-turned-to-martial-arts/chapter-76/
Image URL: https://img.manhuaus.com/image2026/manga_6874ee35a5a0b/b14e9f0cf0ab448db40a9e4b2b79d6f4/0001-vert.webp
Referer: https://manhuaus.com/manga/dumped-by-my-girlfriend-i-turned-to-martial-arts/chapter-76/
HTTP: 525
Content-Type: 
Note: Remote server returned HTTP 525. Attempt 1/3.
--------------------------------------------------------------------------------
[2026-04-09 13:48:26]
Page URL: https://manhuaus.com/manga/dumped-by-my-girlfriend-i-turned-to-martial-arts/chapter-76/
Image URL: https://img.manhuaus.com/image2026/manga_6874ee35a5a0b/b14e9f0cf0ab448db40a9e4b2b79d6f4/0001-vert.webp
Referer: https://manhuaus.com/manga/dumped-by-my-girlfriend-i-turned-to-martial-arts/chapter-76/
HTTP: 525
Content-Type: 
Note: Remote server returned HTTP 525. Attempt 2/3.
--------------------------------------------------------------------------------
[2026-04-09 13:48:28]
Page URL: https://manhuaus.com/manga/dumped-by-my-girlfriend-i-turned-to-martial-arts/chapter-76/
Image URL: https://img.manhuaus.com/image2026/manga_6874ee35a5a0b/b14e9f0cf0ab448db40a9e4b2b79d6f4/0001-vert.webp
Referer: https://manhuaus.com/manga/dumped-by-my-girlfriend-i-turned-to-martial-arts/chapter-76/
HTTP: 525
Content-Type: 
Note: Remote server returned HTTP 525. Attempt 3/3.
--------------------------------------------------------------------------------
[2026-04-09 13:48:29]
Page URL: https://manhuaus.com/manga/dumped-by-my-girlfriend-i-turned-to-martial-arts/chapter-76/
Image URL: https://img.manhuaus.com/image2026/manga_6874ee35a5a0b/b14e9f0cf0ab448db40a9e4b2b79d6f4/0001-vert.webp
Referer: https://manhuaus.com/
HTTP: 525
Content-Type: 
Note: Remote server returned HTTP 525. Attempt 1/3.
--------------------------------------------------------------------------------
[2026-04-09 13:48:30]
Page URL: https://manhuaus.com/manga/dumped-by-my-girlfriend-i-turned-to-martial-arts/chapter-76/
Image URL: https://img.manhuaus.com/image2026/manga_6874ee35a5a0b/b14e9f0cf0ab448db40a9e4b2b79d6f4/0001-vert.webp
Referer: https://manhuaus.com/
HTTP: 525
Content-Type: 
Note: Remote server returned HTTP 525. Attempt 2/3.
--------------------------------------------------------------------------------
[2026-04-09 13:48:32]
Page URL: https://manhuaus.com/manga/dumped-by-my-girlfriend-i-turned-to-martial-arts/chapter-76/
Image URL: https://img.manhuaus.com/image2026/manga_6874ee35a5a0b/b14e9f0cf0ab448db40a9e4b2b79d6f4/0001-vert.webp
Referer: https://manhuaus.com/
HTTP: 525
Content-Type: 
Note: Remote server returned HTTP 525. Attempt 3/3.
--------------------------------------------------------------------------------
[2026-04-09 13:48:33]
Page URL: https://manhuaus.com/manga/dumped-by-my-girlfriend-i-turned-to-martial-arts/chapter-76/
Image URL: http://img.manhuaus.com/image2026/manga_6874ee35a5a0b/b14e9f0cf0ab448db40a9e4b2b79d6f4/0001-vert.webp
Referer: https://manhuaus.com/manga/dumped-by-my-girlfriend-i-turned-to-martial-arts/chapter-76/
HTTP: 525
Content-Type: 
Note: Remote server returned HTTP 525. Attempt 1/3.
--------------------------------------------------------------------------------
[2026-04-09 13:48:35]
Page URL: https://manhuaus.com/manga/dumped-by-my-girlfriend-i-turned-to-martial-arts/chapter-76/
Image URL: http://img.manhuaus.com/image2026/manga_6874ee35a5a0b/b14e9f0cf0ab448db40a9e4b2b79d6f4/0001-vert.webp
Referer: https://manhuaus.com/manga/dumped-by-my-girlfriend-i-turned-to-martial-arts/chapter-76/
HTTP: 525
Content-Type: 
Note: Remote server returned HTTP 525. Attempt 2/3.
--------------------------------------------------------------------------------
[2026-04-09 13:48:37]
Page URL: https://manhuaus.com/manga/dumped-by-my-girlfriend-i-turned-to-martial-arts/chapter-76/
Image URL: http://img.manhuaus.com/image2026/manga_6874ee35a5a0b/b14e9f0cf0ab448db40a9e4b2b79d6f4/0001-vert.webp
Referer: https://manhuaus.com/manga/dumped-by-my-girlfriend-i-turned-to-martial-arts/chapter-76/
HTTP: 525
Content-Type: 
Note: Remote server returned HTTP 525. Attempt 3/3.
--------------------------------------------------------------------------------
[2026-04-09 13:48:39]
Page URL: https://manhuaus.com/manga/dumped-by-my-girlfriend-i-turned-to-martial-arts/chapter-76/
Image URL: http://img.manhuaus.com/image2026/manga_6874ee35a5a0b/b14e9f0cf0ab448db40a9e4b2b79d6f4/0001-vert.webp
Referer: https://manhuaus.com/
HTTP: 525
Content-Type: 
Note: Remote server returned HTTP 525. Attempt 1/3.
--------------------------------------------------------------------------------
[2026-04-09 13:48:41]
Page URL: https://manhuaus.com/manga/dumped-by-my-girlfriend-i-turned-to-martial-arts/chapter-76/
Image URL: http://img.manhuaus.com/image2026/manga_6874ee35a5a0b/b14e9f0cf0ab448db40a9e4b2b79d6f4/0001-vert.webp
Referer: https://manhuaus.com/
HTTP: 525
Content-Type: 
Note: Remote server returned HTTP 525. Attempt 2/3.
--------------------------------------------------------------------------------
[2026-04-09 13:57:47]
Page URL: https://manhuaus.com/manga/player-who-returned-10000-years-later/chapter-151/
Image URL: https://img.manhuaus.com/image2026/manga_637955756700865089/a1c45d022b77f45ea5aee360834fb3c5/001.webp
Referer: https://manhuaus.com/manga/player-who-returned-10000-years-later/chapter-151/
HTTP: 0
Content-Type: 
Note: Request error: Operation timed out after 20008 milliseconds with 0 bytes received Attempt 1/3.
--------------------------------------------------------------------------------
[2026-04-09 13:57:58]
Page URL: https://manhuaus.com/manga/player-who-returned-10000-years-later/chapter-151/
Image URL: https://img.manhuaus.com/image2026/manga_637955756700865089/a1c45d022b77f45ea5aee360834fb3c5/003.webp
Referer: https://manhuaus.com/manga/player-who-returned-10000-years-later/chapter-151/
HTTP: 525
Content-Type: 
Note: Remote server returned HTTP 525. Attempt 1/3.
--------------------------------------------------------------------------------
[2026-04-09 13:58:13]
Page URL: https://manhuaus.com/manga/player-who-returned-10000-years-later/chapter-151/
Image URL: https://img.manhuaus.com/image2026/manga_637955756700865089/a1c45d022b77f45ea5aee360834fb3c5/009.webp
Referer: https://manhuaus.com/manga/player-who-returned-10000-years-later/chapter-151/
HTTP: 500
Content-Type: 
Note: Remote server returned HTTP 500. Attempt 1/3.
--------------------------------------------------------------------------------
[2026-04-09 13:58:19]
Page URL: https://manhuaus.com/manga/player-who-returned-10000-years-later/chapter-151/
Image URL: https://img.manhuaus.com/image2026/manga_637955756700865089/a1c45d022b77f45ea5aee360834fb3c5/011.webp
Referer: https://manhuaus.com/manga/player-who-returned-10000-years-later/chapter-151/
HTTP: 525
Content-Type: 
Note: Remote server returned HTTP 525. Attempt 1/3.
--------------------------------------------------------------------------------
[2026-04-09 13:58:20]
Page URL: https://manhuaus.com/manga/player-who-returned-10000-years-later/chapter-151/
Image URL: https://img.manhuaus.com/image2026/manga_637955756700865089/a1c45d022b77f45ea5aee360834fb3c5/011.webp
Referer: https://manhuaus.com/manga/player-who-returned-10000-years-later/chapter-151/
HTTP: 525
Content-Type: 
Note: Remote server returned HTTP 525. Attempt 2/3.
--------------------------------------------------------------------------------
[2026-04-09 13:58:22]
Page URL: https://manhuaus.com/manga/player-who-returned-10000-years-later/chapter-151/
Image URL: https://img.manhuaus.com/image2026/manga_637955756700865089/a1c45d022b77f45ea5aee360834fb3c5/011.webp
Referer: https://manhuaus.com/manga/player-who-returned-10000-years-later/chapter-151/
HTTP: 525
Content-Type: 
Note: Remote server returned HTTP 525. Attempt 3/3.
--------------------------------------------------------------------------------
[2026-04-09 13:58:23]
Page URL: https://manhuaus.com/manga/player-who-returned-10000-years-later/chapter-151/
Image URL: https://img.manhuaus.com/image2026/manga_637955756700865089/a1c45d022b77f45ea5aee360834fb3c5/011.webp
Referer: https://manhuaus.com/
HTTP: 525
Content-Type: 
Note: Remote server returned HTTP 525. Attempt 1/3.
--------------------------------------------------------------------------------
[2026-04-09 13:58:25]
Page URL: https://manhuaus.com/manga/player-who-returned-10000-years-later/chapter-151/
Image URL: https://img.manhuaus.com/image2026/manga_637955756700865089/a1c45d022b77f45ea5aee360834fb3c5/011.webp
Referer: https://manhuaus.com/
HTTP: 525
Content-Type: 
Note: Remote server returned HTTP 525. Attempt 2/3.
--------------------------------------------------------------------------------
[2026-04-09 13:58:28]
Page URL: https://manhuaus.com/manga/player-who-returned-10000-years-later/chapter-151/
Image URL: https://img.manhuaus.com/image2026/manga_637955756700865089/a1c45d022b77f45ea5aee360834fb3c5/011.webp
Referer: https://manhuaus.com/
HTTP: 525
Content-Type: 
Note: Remote server returned HTTP 525. Attempt 3/3.
--------------------------------------------------------------------------------
[2026-04-16 10:15:56]
Page URL: https://manhuaus.com/manga/demonic-evolution/chapter-150/
Image URL: https://img.manhuaus.com/image2026/manga_638133846352223810/68a4ee5922c2ab0b7d047dfe62f258ae/0016-vert.webp
Referer: https://manhuaus.com/manga/demonic-evolution/chapter-150/
HTTP: 525
Content-Type: 
Note: Remote server returned HTTP 525. Attempt 1/3.
--------------------------------------------------------------------------------
[2026-04-16 10:15:57]
Page URL: https://manhuaus.com/manga/demonic-evolution/chapter-150/
Image URL: https://img.manhuaus.com/image2026/manga_638133846352223810/68a4ee5922c2ab0b7d047dfe62f258ae/0016-vert.webp
Referer: https://manhuaus.com/manga/demonic-evolution/chapter-150/
HTTP: 525
Content-Type: 
Note: Remote server returned HTTP 525. Attempt 2/3.
--------------------------------------------------------------------------------
