[2026-03-31 05:45:48]
URL: https://kunmanga.com/manga/eleceed/chapter-1/
Images found: 0
Snippet: Just a moment...*{box-sizing:border-box;margin:0;padding:0}html{line-height:1.15;-webkit-text-size-adjust:100%;color:#313131;font-family:system-ui,-apple-system,BlinkMacSystemFont,"Segoe UI",Roboto,"Helvetica Neue",Arial,"Noto Sans",sans-serif,"Apple Color Emoji","Segoe UI Emoji","Segoe UI Symbol","Noto Color Emoji"}body{display:flex;flex-direction:column;height:100vh;min-height:100vh}.main-content{margin:8rem auto;padding-left:1.5rem;max-width:60rem}@media (width
--------------------------------------------------------------------------------
[2026-03-31 06:05:10]
URL: https://manhwaclan.com/manga/eleceed/chapter-1/
Images found: 0
Snippet: Just a moment...*{box-sizing:border-box;margin:0;padding:0}html{line-height:1.15;-webkit-text-size-adjust:100%;color:#313131;font-family:system-ui,-apple-system,BlinkMacSystemFont,"Segoe UI",Roboto,"Helvetica Neue",Arial,"Noto Sans",sans-serif,"Apple Color Emoji","Segoe UI Emoji","Segoe UI Symbol","Noto Color Emoji"}body{display:flex;flex-direction:column;height:100vh;min-height:100vh}.main-content{margin:8rem auto;padding-left:1.5rem;max-width:60rem}@media (width
--------------------------------------------------------------------------------
[2026-03-31 06:35:11]
URL: https://www.toongod.org/webtoon/eleceed-manhwa/chapter-1/
Images found: 0
Snippet: Just a moment...*{box-sizing:border-box;margin:0;padding:0}html{line-height:1.15;-webkit-text-size-adjust:100%;color:#313131;font-family:system-ui,-apple-system,BlinkMacSystemFont,"Segoe UI",Roboto,"Helvetica Neue",Arial,"Noto Sans",sans-serif,"Apple Color Emoji","Segoe UI Emoji","Segoe UI Symbol","Noto Color Emoji"}body{display:flex;flex-direction:column;height:100vh;min-height:100vh}.main-content{margin:8rem auto;padding-left:1.5rem;max-width:60rem}@media (width
--------------------------------------------------------------------------------
[2026-03-31 06:39:59]
URL: https://www.toongod.org/webtoon/eleceed-manhwa/chapter-1/
Images found: 0
Snippet: Just a moment...*{box-sizing:border-box;margin:0;padding:0}html{line-height:1.15;-webkit-text-size-adjust:100%;color:#313131;font-family:system-ui,-apple-system,BlinkMacSystemFont,"Segoe UI",Roboto,"Helvetica Neue",Arial,"Noto Sans",sans-serif,"Apple Color Emoji","Segoe UI Emoji","Segoe UI Symbol","Noto Color Emoji"}body{display:flex;flex-direction:column;height:100vh;min-height:100vh}.main-content{margin:8rem auto;padding-left:1.5rem;max-width:60rem}@media (width
--------------------------------------------------------------------------------
[2026-03-31 06:45:25]
URL: https://www.toongod.org/webtoon/eleceed-manhwa/chapter-1/
Images found: 0
Snippet: Just a moment...*{box-sizing:border-box;margin:0;padding:0}html{line-height:1.15;-webkit-text-size-adjust:100%;color:#313131;font-family:system-ui,-apple-system,BlinkMacSystemFont,"Segoe UI",Roboto,"Helvetica Neue",Arial,"Noto Sans",sans-serif,"Apple Color Emoji","Segoe UI Emoji","Segoe UI Symbol","Noto Color Emoji"}body{display:flex;flex-direction:column;height:100vh;min-height:100vh}.main-content{margin:8rem auto;padding-left:1.5rem;max-width:60rem}@media (width
--------------------------------------------------------------------------------
[2026-03-31 06:52:39]
URL: https://www.toongod.org/webtoon/eleceed-manhwa/chapter-1/
Images found: 0
Snippet: Just a moment...*{box-sizing:border-box;margin:0;padding:0}html{line-height:1.15;-webkit-text-size-adjust:100%;color:#313131;font-family:system-ui,-apple-system,BlinkMacSystemFont,"Segoe UI",Roboto,"Helvetica Neue",Arial,"Noto Sans",sans-serif,"Apple Color Emoji","Segoe UI Emoji","Segoe UI Symbol","Noto Color Emoji"}body{display:flex;flex-direction:column;height:100vh;min-height:100vh}.main-content{margin:8rem auto;padding-left:1.5rem;max-width:60rem}@media (width
--------------------------------------------------------------------------------
[2026-03-31 06:52:54]
URL: https://www.toongod.org/webtoon/eleceed-manhwa/chapter-1/
Images found: 0
Snippet: Just a moment...*{box-sizing:border-box;margin:0;padding:0}html{line-height:1.15;-webkit-text-size-adjust:100%;color:#313131;font-family:system-ui,-apple-system,BlinkMacSystemFont,"Segoe UI",Roboto,"Helvetica Neue",Arial,"Noto Sans",sans-serif,"Apple Color Emoji","Segoe UI Emoji","Segoe UI Symbol","Noto Color Emoji"}body{display:flex;flex-direction:column;height:100vh;min-height:100vh}.main-content{margin:8rem auto;padding-left:1.5rem;max-width:60rem}@media (width
--------------------------------------------------------------------------------
[2026-03-31 07:06:26]
URL: https://mangadex.org/chapter/5d7db8ca-26f0-42f3-9c3d-210cabe1e35a
Images found: 0
Snippet: Please enable JavaScript to view MangaDex. window.__NUXT__={};window.__NUXT__.config={public:{environmentType:"stable",version:"git-20260324-0938-3c4b724b",apiUrl:"https://api.mangadex.org",baseUrl:"https://mangadex.org",cdnEdge:"https://mangadex.org",cdnOrigin:"https://uploads.mangadex.org",embedUrl:"https://e-embed.mangadex.org",kcUrl:"https://auth.mangadex.org",kcClientId:"mangadex-frontend-stable",forumsUrl:"https://forums.mangadex.org",paymentsUrl:"https://payment.mangadex.org",ogUrl:"https://og.mangadex.com",subscription:{organizationId:"XiXPVXKm",tierT1Id:"ikMUb3xM",tierT2Id:"Z3KR42gq",tierT3Id:"eFT9F7qn"},gtmId:"GTM-TS59XX9",popularTitlesDeltaDays:"30",recaptchaSiteKey:"6LflOrIaAAAAACcpRSiKQlt_X6bq-QcVjHTG1diJ",siteUpdatesCheckIntervalSeconds:3600,stripeManageUrl:"https://billing.
--------------------------------------------------------------------------------
[2026-03-31 07:07:03]
URL: https://manhuaus.com/manga/the-knight-king-who-returned-with-a-god/chapter-156/
Images found: 0
Snippet: img:is([sizes="auto" i], [sizes^="auto," i]) { contain-intrinsic-size: 3000px 1500px } The Knight King Who Returned with a God - Chapter 156 - MANHUAUS.COM {"@context":"https://schema.org","@graph":[{"@type":"WebPage","@id":"https://manhuaus.com/manga/the-knight-king-who-returned-with-a-god/","url":"https://manhuaus.com/manga/the-knight-king-who-returned-with-a-god/","name":"The Knight King Who Returned with a God - MANHUAUS.COM","isPartOf":{"@id":"https://manhuaus.com/#website"},"primaryImageOfPage":{"@id":"https://manhuaus.com/manga/the-knight-king-who-returned-with-a-god/#primaryimage"},"image":{"@id":"https://manhuaus.com/manga/the-knight-king-who-returned-with-a-god/#primaryimage"},"thumbnailUrl":"https://manhuaus.com/wp-content/uploads/2023/05/The-Knight-King-Who-Returned-with.webp"
--------------------------------------------------------------------------------
[2026-03-31 07:18:39]
URL: https://manhuaus.com/manga/the-knight-king-who-returned-with-a-god/chapter-156/
Images found: 0
Snippet: img:is([sizes="auto" i], [sizes^="auto," i]) { contain-intrinsic-size: 3000px 1500px } The Knight King Who Returned with a God - Chapter 156 - MANHUAUS.COM {"@context":"https://schema.org","@graph":[{"@type":"WebPage","@id":"https://manhuaus.com/manga/the-knight-king-who-returned-with-a-god/","url":"https://manhuaus.com/manga/the-knight-king-who-returned-with-a-god/","name":"The Knight King Who Returned with a God - MANHUAUS.COM","isPartOf":{"@id":"https://manhuaus.com/#website"},"primaryImageOfPage":{"@id":"https://manhuaus.com/manga/the-knight-king-who-returned-with-a-god/#primaryimage"},"image":{"@id":"https://manhuaus.com/manga/the-knight-king-who-returned-with-a-god/#primaryimage"},"thumbnailUrl":"https://manhuaus.com/wp-content/uploads/2023/05/The-Knight-King-Who-Returned-with.webp"
--------------------------------------------------------------------------------
[2026-03-31 07:18:54]
URL: https://manhuaus.com/manga/the-knight-king-who-returned-with-a-god/chapter-156/
Images found: 0
Snippet: img:is([sizes="auto" i], [sizes^="auto," i]) { contain-intrinsic-size: 3000px 1500px } The Knight King Who Returned with a God - Chapter 156 - MANHUAUS.COM {"@context":"https://schema.org","@graph":[{"@type":"WebPage","@id":"https://manhuaus.com/manga/the-knight-king-who-returned-with-a-god/","url":"https://manhuaus.com/manga/the-knight-king-who-returned-with-a-god/","name":"The Knight King Who Returned with a God - MANHUAUS.COM","isPartOf":{"@id":"https://manhuaus.com/#website"},"primaryImageOfPage":{"@id":"https://manhuaus.com/manga/the-knight-king-who-returned-with-a-god/#primaryimage"},"image":{"@id":"https://manhuaus.com/manga/the-knight-king-who-returned-with-a-god/#primaryimage"},"thumbnailUrl":"https://manhuaus.com/wp-content/uploads/2023/05/The-Knight-King-Who-Returned-with.webp"
--------------------------------------------------------------------------------
[2026-03-31 11:49:32]
URL: https://yaoiscan.com/read/eleceed/chapter-1/
Images found: 0
Snippet: Just a moment...*{box-sizing:border-box;margin:0;padding:0}html{line-height:1.15;-webkit-text-size-adjust:100%;color:#313131;font-family:system-ui,-apple-system,BlinkMacSystemFont,"Segoe UI",Roboto,"Helvetica Neue",Arial,"Noto Sans",sans-serif,"Apple Color Emoji","Segoe UI Emoji","Segoe UI Symbol","Noto Color Emoji"}body{display:flex;flex-direction:column;height:100vh;min-height:100vh}.main-content{margin:8rem auto;padding-left:1.5rem;max-width:60rem}@media (width
--------------------------------------------------------------------------------
[2026-03-31 16:16:11]
URL: https://manhuaus.com/manga/regressed-life-of-the-sword-clans-ignoble-reincarnator/chapter-89/
Images found: 0
Snippet: img:is([sizes="auto" i], [sizes^="auto," i]) { contain-intrinsic-size: 3000px 1500px } Regressed life of the Sword Clan&#8217;s Ignoble Reincarnator - Chapter 89 - MANHUAUS.COM {"@context":"https://schema.org","@graph":[{"@type":"WebPage","@id":"https://manhuaus.com/manga/regressed-life-of-the-sword-clans-ignoble-reincarnator/","url":"https://manhuaus.com/manga/regressed-life-of-the-sword-clans-ignoble-reincarnator/","name":"Regressed life of the Sword Clan's Ignoble Reincarnator - MANHUAUS.COM","isPartOf":{"@id":"https://manhuaus.com/#website"},"primaryImageOfPage":{"@id":"https://manhuaus.com/manga/regressed-life-of-the-sword-clans-ignoble-reincarnator/#primaryimage"},"image":{"@id":"https://manhuaus.com/manga/regressed-life-of-the-sword-clans-ignoble-reincarnator/#primaryimage"},"thumb
--------------------------------------------------------------------------------
[2026-03-31 16:36:17]
URL: https://manhuaus.com/manga/regressed-life-of-the-sword-clans-ignoble-reincarnator/chapter-89/
Images found: 0
Snippet: img:is([sizes="auto" i], [sizes^="auto," i]) { contain-intrinsic-size: 3000px 1500px } Regressed life of the Sword Clan&#8217;s Ignoble Reincarnator - Chapter 89 - MANHUAUS.COM {"@context":"https://schema.org","@graph":[{"@type":"WebPage","@id":"https://manhuaus.com/manga/regressed-life-of-the-sword-clans-ignoble-reincarnator/","url":"https://manhuaus.com/manga/regressed-life-of-the-sword-clans-ignoble-reincarnator/","name":"Regressed life of the Sword Clan's Ignoble Reincarnator - MANHUAUS.COM","isPartOf":{"@id":"https://manhuaus.com/#website"},"primaryImageOfPage":{"@id":"https://manhuaus.com/manga/regressed-life-of-the-sword-clans-ignoble-reincarnator/#primaryimage"},"image":{"@id":"https://manhuaus.com/manga/regressed-life-of-the-sword-clans-ignoble-reincarnator/#primaryimage"},"thumb
--------------------------------------------------------------------------------
[2026-04-02 02:19:07]
URL: https://manhuaus.com/manga/a-modern-man-who-got-transmigrated-into-the-murim-world/chapter-175/
Images found: 0
Snippet: img:is([sizes="auto" i], [sizes^="auto," i]) { contain-intrinsic-size: 3000px 1500px } A Modern Man Who Got Transmigrated Into the Murim World - Chapter 175 - MANHUAUS.COM {"@context":"https://schema.org","@graph":[{"@type":"WebPage","@id":"https://manhuaus.com/manga/a-modern-man-who-got-transmigrated-into-the-murim-world/","url":"https://manhuaus.com/manga/a-modern-man-who-got-transmigrated-into-the-murim-world/","name":"A Modern Man Who Got Transmigrated Into the Murim World - MANHUAUS.COM","isPartOf":{"@id":"https://manhuaus.com/#website"},"primaryImageOfPage":{"@id":"https://manhuaus.com/manga/a-modern-man-who-got-transmigrated-into-the-murim-world/#primaryimage"},"image":{"@id":"https://manhuaus.com/manga/a-modern-man-who-got-transmigrated-into-the-murim-world/#primaryimage"},"thumbn
--------------------------------------------------------------------------------
[2026-04-09 13:41:01]
URL: https://manhuaus.com/manga/infinite-gacha/
Images found: 0
Snippet: img:is([sizes="auto" i], [sizes^="auto," i]) { contain-intrinsic-size: 3000px 1500px } Infinite Gacha - MANHUAUS.COM {"@context":"https://schema.org","@graph":[{"@type":"WebPage","@id":"https://manhuaus.com/manga/infinite-gacha/","url":"https://manhuaus.com/manga/infinite-gacha/","name":"Infinite Gacha - MANHUAUS.COM","isPartOf":{"@id":"https://manhuaus.com/#website"},"primaryImageOfPage":{"@id":"https://manhuaus.com/manga/infinite-gacha/#primaryimage"},"image":{"@id":"https://manhuaus.com/manga/infinite-gacha/#primaryimage"},"thumbnailUrl":"https://manhuaus.com/wp-content/uploads/2022/12/Pick-Me-Up.webp","datePublished":"2022-12-27T23:59:00+00:00","dateModified":"2025-12-10T15:27:01+00:00","breadcrumb":{"@id":"https://manhuaus.com/manga/infinite-gacha/#breadcrumb"},"inLanguage":"en-US","
--------------------------------------------------------------------------------
[2026-04-09 13:44:07]
URL: https://manhuaus.com/manga/the-world-after-the-fall/
Images found: 0
Snippet: img:is([sizes="auto" i], [sizes^="auto," i]) { contain-intrinsic-size: 3000px 1500px } The World After The End - MANHUAUS.COM {"@context":"https://schema.org","@graph":[{"@type":"WebPage","@id":"https://manhuaus.com/manga/the-world-after-the-fall/","url":"https://manhuaus.com/manga/the-world-after-the-fall/","name":"The World After The End - MANHUAUS.COM","isPartOf":{"@id":"https://manhuaus.com/#website"},"primaryImageOfPage":{"@id":"https://manhuaus.com/manga/the-world-after-the-fall/#primaryimage"},"image":{"@id":"https://manhuaus.com/manga/the-world-after-the-fall/#primaryimage"},"thumbnailUrl":"https://manhuaus.com/wp-content/uploads/2022/08/the-world-after-the-fall.jpg","datePublished":"2022-08-28T23:59:00+00:00","dateModified":"2025-03-14T04:38:51+00:00","breadcrumb":{"@id":"https:/
--------------------------------------------------------------------------------
[2026-04-09 13:46:00]
URL: https://manhuaus.com/manga/reaper-of-the-drifting-moon/
Images found: 0
Snippet: img:is([sizes="auto" i], [sizes^="auto," i]) { contain-intrinsic-size: 3000px 1500px } Reaper of the Drifting Moon - MANHUAUS.COM {"@context":"https://schema.org","@graph":[{"@type":"WebPage","@id":"https://manhuaus.com/manga/reaper-of-the-drifting-moon/","url":"https://manhuaus.com/manga/reaper-of-the-drifting-moon/","name":"Reaper of the Drifting Moon - MANHUAUS.COM","isPartOf":{"@id":"https://manhuaus.com/#website"},"primaryImageOfPage":{"@id":"https://manhuaus.com/manga/reaper-of-the-drifting-moon/#primaryimage"},"image":{"@id":"https://manhuaus.com/manga/reaper-of-the-drifting-moon/#primaryimage"},"thumbnailUrl":"https://manhuaus.com/wp-content/uploads/2022/08/Reaper-of-the-Drifting-Moon.webp","datePublished":"2022-08-24T23:59:00+00:00","dateModified":"2025-07-18T18:10:31+00:00","bre
--------------------------------------------------------------------------------
[2026-04-09 13:47:53]
URL: https://manhuaus.com/manga/infinite-mage/
Images found: 0
Snippet: img:is([sizes="auto" i], [sizes^="auto," i]) { contain-intrinsic-size: 3000px 1500px } Infinite Mage - MANHUAUS.COM {"@context":"https://schema.org","@graph":[{"@type":"WebPage","@id":"https://manhuaus.com/manga/infinite-mage/","url":"https://manhuaus.com/manga/infinite-mage/","name":"Infinite Mage - MANHUAUS.COM","isPartOf":{"@id":"https://manhuaus.com/#website"},"primaryImageOfPage":{"@id":"https://manhuaus.com/manga/infinite-mage/#primaryimage"},"image":{"@id":"https://manhuaus.com/manga/infinite-mage/#primaryimage"},"thumbnailUrl":"https://manhuaus.com/wp-content/uploads/2022/12/Infinite-Mage-193x278-1.webp","datePublished":"2022-12-29T23:59:00+00:00","dateModified":"2022-12-31T15:00:31+00:00","breadcrumb":{"@id":"https://manhuaus.com/manga/infinite-mage/#breadcrumb"},"inLanguage":"en
--------------------------------------------------------------------------------
[2026-04-09 13:49:07]
URL: https://manhuaus.com/manga/dumped-by-my-girlfriend-i-turned-to-martial-arts/
Images found: 0
Snippet: img:is([sizes="auto" i], [sizes^="auto," i]) { contain-intrinsic-size: 3000px 1500px } Dumped by my girlfriend, I turned to martial arts. - MANHUAUS.COM {"@context":"https://schema.org","@graph":[{"@type":"WebPage","@id":"https://manhuaus.com/manga/dumped-by-my-girlfriend-i-turned-to-martial-arts/","url":"https://manhuaus.com/manga/dumped-by-my-girlfriend-i-turned-to-martial-arts/","name":"Dumped by my girlfriend, I turned to martial arts. - MANHUAUS.COM","isPartOf":{"@id":"https://manhuaus.com/#website"},"primaryImageOfPage":{"@id":"https://manhuaus.com/manga/dumped-by-my-girlfriend-i-turned-to-martial-arts/#primaryimage"},"image":{"@id":"https://manhuaus.com/manga/dumped-by-my-girlfriend-i-turned-to-martial-arts/#primaryimage"},"thumbnailUrl":"https://manhuaus.com/wp-content/uploads/202
--------------------------------------------------------------------------------
[2026-04-09 13:50:02]
URL: https://manhuaus.com/manga/regressed-life-of-the-sword-clans-ignoble-reincarnator/
Images found: 0
Snippet: img:is([sizes="auto" i], [sizes^="auto," i]) { contain-intrinsic-size: 3000px 1500px } Regressed life of the Sword Clan&#039;s Ignoble Reincarnator - MANHUAUS.COM {"@context":"https://schema.org","@graph":[{"@type":"WebPage","@id":"https://manhuaus.com/manga/regressed-life-of-the-sword-clans-ignoble-reincarnator/","url":"https://manhuaus.com/manga/regressed-life-of-the-sword-clans-ignoble-reincarnator/","name":"Regressed life of the Sword Clan's Ignoble Reincarnator - MANHUAUS.COM","isPartOf":{"@id":"https://manhuaus.com/#website"},"primaryImageOfPage":{"@id":"https://manhuaus.com/manga/regressed-life-of-the-sword-clans-ignoble-reincarnator/#primaryimage"},"image":{"@id":"https://manhuaus.com/manga/regressed-life-of-the-sword-clans-ignoble-reincarnator/#primaryimage"},"thumbnailUrl":"http
--------------------------------------------------------------------------------
[2026-04-09 13:51:20]
URL: https://manhuaus.com/manga/me-the-heavenly-destined-villain/
Images found: 0
Snippet: img:is([sizes="auto" i], [sizes^="auto," i]) { contain-intrinsic-size: 3000px 1500px } Me, The Heavenly Destined Villain Full Raw - MANHUAUS.COM {"@context":"https://schema.org","@graph":[{"@type":"WebPage","@id":"https://manhuaus.com/manga/me-the-heavenly-destined-villain/","url":"https://manhuaus.com/manga/me-the-heavenly-destined-villain/","name":"Me, The Heavenly Destined Villain Full Raw - MANHUAUS.COM","isPartOf":{"@id":"https://manhuaus.com/#website"},"primaryImageOfPage":{"@id":"https://manhuaus.com/manga/me-the-heavenly-destined-villain/#primaryimage"},"image":{"@id":"https://manhuaus.com/manga/me-the-heavenly-destined-villain/#primaryimage"},"thumbnailUrl":"https://manhuaus.com/wp-content/uploads/2021/11/w2.jpg","datePublished":"2022-05-20T15:43:44+00:00","dateModified":"2024-05
--------------------------------------------------------------------------------
[2026-04-09 13:52:23]
URL: https://manhuaus.com/manga/the-regressed-son-of-a-duke-is-an-assassin/
Images found: 0
Snippet: img:is([sizes="auto" i], [sizes^="auto," i]) { contain-intrinsic-size: 3000px 1500px } The Regressed Son of a Duke is an Assassin - MANHUAUS.COM {"@context":"https://schema.org","@graph":[{"@type":"WebPage","@id":"https://manhuaus.com/manga/the-regressed-son-of-a-duke-is-an-assassin/","url":"https://manhuaus.com/manga/the-regressed-son-of-a-duke-is-an-assassin/","name":"The Regressed Son of a Duke is an Assassin - MANHUAUS.COM","isPartOf":{"@id":"https://manhuaus.com/#website"},"primaryImageOfPage":{"@id":"https://manhuaus.com/manga/the-regressed-son-of-a-duke-is-an-assassin/#primaryimage"},"image":{"@id":"https://manhuaus.com/manga/the-regressed-son-of-a-duke-is-an-assassin/#primaryimage"},"thumbnailUrl":"https://manhuaus.com/wp-content/uploads/2024/02/The-Regressed-Son-of-a-Duke-is-an-A
--------------------------------------------------------------------------------
[2026-04-09 13:54:08]
URL: https://manhuaus.com/manga/talent-swallowing-magician/
Images found: 0
Snippet: img:is([sizes="auto" i], [sizes^="auto," i]) { contain-intrinsic-size: 3000px 1500px } Talent-Swallowing Magician - MANHUAUS.COM {"@context":"https://schema.org","@graph":[{"@type":"WebPage","@id":"https://manhuaus.com/manga/talent-swallowing-magician/","url":"https://manhuaus.com/manga/talent-swallowing-magician/","name":"Talent-Swallowing Magician - MANHUAUS.COM","isPartOf":{"@id":"https://manhuaus.com/#website"},"primaryImageOfPage":{"@id":"https://manhuaus.com/manga/talent-swallowing-magician/#primaryimage"},"image":{"@id":"https://manhuaus.com/manga/talent-swallowing-magician/#primaryimage"},"thumbnailUrl":"https://manhuaus.com/wp-content/uploads/2022/09/talent-swallowing-magician.jpg","datePublished":"2022-09-04T23:59:00+00:00","dateModified":"2022-09-05T13:01:20+00:00","breadcrumb"
--------------------------------------------------------------------------------
[2026-04-09 13:55:08]
URL: https://manhuaus.com/manga/the-novels-extra-remake/
Images found: 0
Snippet: img:is([sizes="auto" i], [sizes^="auto," i]) { contain-intrinsic-size: 3000px 1500px } The Novel’s Extra (Remake) - MANHUAUS.COM {"@context":"https://schema.org","@graph":[{"@type":"WebPage","@id":"https://manhuaus.com/manga/the-novels-extra-remake/","url":"https://manhuaus.com/manga/the-novels-extra-remake/","name":"The Novel’s Extra (Remake) - MANHUAUS.COM","isPartOf":{"@id":"https://manhuaus.com/#website"},"primaryImageOfPage":{"@id":"https://manhuaus.com/manga/the-novels-extra-remake/#primaryimage"},"image":{"@id":"https://manhuaus.com/manga/the-novels-extra-remake/#primaryimage"},"thumbnailUrl":"https://manhuaus.com/wp-content/uploads/2022/08/The-Novels-Extra.webp","datePublished":"2022-08-29T23:59:00+00:00","dateModified":"2024-10-21T16:44:40+00:00","breadcrumb":{"@id":"https://
--------------------------------------------------------------------------------
[2026-04-09 13:55:49]
URL: https://manhuaus.com/manga/chronicles-of-the-martial-gods-return/
Images found: 0
Snippet: img:is([sizes="auto" i], [sizes^="auto," i]) { contain-intrinsic-size: 3000px 1500px } Chronicles Of The Martial God’s Return - MANHUAUS.COM {"@context":"https://schema.org","@graph":[{"@type":"WebPage","@id":"https://manhuaus.com/manga/chronicles-of-the-martial-gods-return/","url":"https://manhuaus.com/manga/chronicles-of-the-martial-gods-return/","name":"Chronicles Of The Martial God’s Return - MANHUAUS.COM","isPartOf":{"@id":"https://manhuaus.com/#website"},"primaryImageOfPage":{"@id":"https://manhuaus.com/manga/chronicles-of-the-martial-gods-return/#primaryimage"},"image":{"@id":"https://manhuaus.com/manga/chronicles-of-the-martial-gods-return/#primaryimage"},"thumbnailUrl":"https://manhuaus.com/wp-content/uploads/2022/08/Chronicles-Of-The-Martial-Go.webp","datePublished":"2022-08
--------------------------------------------------------------------------------
[2026-04-09 13:56:59]
URL: https://manhuaus.com/manga/standard-of-reincarnation/
Images found: 0
Snippet: img:is([sizes="auto" i], [sizes^="auto," i]) { contain-intrinsic-size: 3000px 1500px } Standard of Reincarnation - MANHUAUS.COM {"@context":"https://schema.org","@graph":[{"@type":"WebPage","@id":"https://manhuaus.com/manga/standard-of-reincarnation/","url":"https://manhuaus.com/manga/standard-of-reincarnation/","name":"Standard of Reincarnation - MANHUAUS.COM","isPartOf":{"@id":"https://manhuaus.com/#website"},"primaryImageOfPage":{"@id":"https://manhuaus.com/manga/standard-of-reincarnation/#primaryimage"},"image":{"@id":"https://manhuaus.com/manga/standard-of-reincarnation/#primaryimage"},"thumbnailUrl":"https://manhuaus.com/wp-content/uploads/2022/08/Standard-of-Reincarnation0.webp","datePublished":"2022-08-10T23:59:00+00:00","dateModified":"2025-12-29T04:01:36+00:00","breadcrumb":{"@i
--------------------------------------------------------------------------------
[2026-04-09 13:58:34]
URL: https://manhuaus.com/manga/player-who-returned-10000-years-later/
Images found: 0
Snippet: img:is([sizes="auto" i], [sizes^="auto," i]) { contain-intrinsic-size: 3000px 1500px } Player Who Returned 10,000 Years Later - MANHUAUS.COM {"@context":"https://schema.org","@graph":[{"@type":"WebPage","@id":"https://manhuaus.com/manga/player-who-returned-10000-years-later/","url":"https://manhuaus.com/manga/player-who-returned-10000-years-later/","name":"Player Who Returned 10,000 Years Later - MANHUAUS.COM","isPartOf":{"@id":"https://manhuaus.com/#website"},"primaryImageOfPage":{"@id":"https://manhuaus.com/manga/player-who-returned-10000-years-later/#primaryimage"},"image":{"@id":"https://manhuaus.com/manga/player-who-returned-10000-years-later/#primaryimage"},"thumbnailUrl":"https://manhuaus.com/wp-content/uploads/2022/08/player-who-returned-10000-years-later.jpg","datePublished":"202
--------------------------------------------------------------------------------
[2026-04-10 00:15:21]
URL: https://manhuaus.com/manga/the-knight-king-who-returned-with-a-god/
Images found: 0
Snippet: img:is([sizes="auto" i], [sizes^="auto," i]) { contain-intrinsic-size: 3000px 1500px } The Knight King Who Returned with a God - MANHUAUS.COM {"@context":"https://schema.org","@graph":[{"@type":"WebPage","@id":"https://manhuaus.com/manga/the-knight-king-who-returned-with-a-god/","url":"https://manhuaus.com/manga/the-knight-king-who-returned-with-a-god/","name":"The Knight King Who Returned with a God - MANHUAUS.COM","isPartOf":{"@id":"https://manhuaus.com/#website"},"primaryImageOfPage":{"@id":"https://manhuaus.com/manga/the-knight-king-who-returned-with-a-god/#primaryimage"},"image":{"@id":"https://manhuaus.com/manga/the-knight-king-who-returned-with-a-god/#primaryimage"},"thumbnailUrl":"https://manhuaus.com/wp-content/uploads/2023/05/The-Knight-King-Who-Returned-with.webp","datePublishe
--------------------------------------------------------------------------------
[2026-04-16 10:12:24]
URL: https://manhuaus.com/manga/a-modern-man-who-got-transmigrated-into-the-murim-world/
Images found: 0
Snippet: img:is([sizes="auto" i], [sizes^="auto," i]) { contain-intrinsic-size: 3000px 1500px } A Modern Man Who Got Transmigrated Into the Murim World - MANHUAUS.COM {"@context":"https://schema.org","@graph":[{"@type":"WebPage","@id":"https://manhuaus.com/manga/a-modern-man-who-got-transmigrated-into-the-murim-world/","url":"https://manhuaus.com/manga/a-modern-man-who-got-transmigrated-into-the-murim-world/","name":"A Modern Man Who Got Transmigrated Into the Murim World - MANHUAUS.COM","isPartOf":{"@id":"https://manhuaus.com/#website"},"primaryImageOfPage":{"@id":"https://manhuaus.com/manga/a-modern-man-who-got-transmigrated-into-the-murim-world/#primaryimage"},"image":{"@id":"https://manhuaus.com/manga/a-modern-man-who-got-transmigrated-into-the-murim-world/#primaryimage"},"thumbnailUrl":"https
--------------------------------------------------------------------------------
[2026-04-16 10:13:31]
URL: https://manhuaus.com/manga/a-modern-man-who-got-transmigrated-into-the-murim-world/
Images found: 0
Snippet: img:is([sizes="auto" i], [sizes^="auto," i]) { contain-intrinsic-size: 3000px 1500px } A Modern Man Who Got Transmigrated Into the Murim World - MANHUAUS.COM {"@context":"https://schema.org","@graph":[{"@type":"WebPage","@id":"https://manhuaus.com/manga/a-modern-man-who-got-transmigrated-into-the-murim-world/","url":"https://manhuaus.com/manga/a-modern-man-who-got-transmigrated-into-the-murim-world/","name":"A Modern Man Who Got Transmigrated Into the Murim World - MANHUAUS.COM","isPartOf":{"@id":"https://manhuaus.com/#website"},"primaryImageOfPage":{"@id":"https://manhuaus.com/manga/a-modern-man-who-got-transmigrated-into-the-murim-world/#primaryimage"},"image":{"@id":"https://manhuaus.com/manga/a-modern-man-who-got-transmigrated-into-the-murim-world/#primaryimage"},"thumbnailUrl":"https
--------------------------------------------------------------------------------
[2026-04-16 10:16:43]
URL: https://manhuaus.com/manga/demonic-evolution/
Images found: 0
Snippet: img:is([sizes="auto" i], [sizes^="auto," i]) { contain-intrinsic-size: 3000px 1500px } Demonic Evolution - MANHUAUS.COM {"@context":"https://schema.org","@graph":[{"@type":"WebPage","@id":"https://manhuaus.com/manga/demonic-evolution/","url":"https://manhuaus.com/manga/demonic-evolution/","name":"Demonic Evolution - MANHUAUS.COM","isPartOf":{"@id":"https://manhuaus.com/#website"},"primaryImageOfPage":{"@id":"https://manhuaus.com/manga/demonic-evolution/#primaryimage"},"image":{"@id":"https://manhuaus.com/manga/demonic-evolution/#primaryimage"},"thumbnailUrl":"https://manhuaus.com/wp-content/uploads/2023/03/Demonic-Evolution.webp","datePublished":"2023-03-01T23:59:00+00:00","dateModified":"2023-03-02T13:10:58+00:00","breadcrumb":{"@id":"https://manhuaus.com/manga/demonic-evolution/#breadcr
--------------------------------------------------------------------------------
[2026-04-16 10:17:59]
URL: https://manhuaus.com/manga/dumped-by-my-girlfriend-i-turned-to-martial-arts/
Images found: 0
Snippet: img:is([sizes="auto" i], [sizes^="auto," i]) { contain-intrinsic-size: 3000px 1500px } Dumped by my girlfriend, I turned to martial arts. - MANHUAUS.COM {"@context":"https://schema.org","@graph":[{"@type":"WebPage","@id":"https://manhuaus.com/manga/dumped-by-my-girlfriend-i-turned-to-martial-arts/","url":"https://manhuaus.com/manga/dumped-by-my-girlfriend-i-turned-to-martial-arts/","name":"Dumped by my girlfriend, I turned to martial arts. - MANHUAUS.COM","isPartOf":{"@id":"https://manhuaus.com/#website"},"primaryImageOfPage":{"@id":"https://manhuaus.com/manga/dumped-by-my-girlfriend-i-turned-to-martial-arts/#primaryimage"},"image":{"@id":"https://manhuaus.com/manga/dumped-by-my-girlfriend-i-turned-to-martial-arts/#primaryimage"},"thumbnailUrl":"https://manhuaus.com/wp-content/uploads/202
--------------------------------------------------------------------------------
[2026-04-16 10:21:09]
URL: https://manhuaus.com/manga/me-the-heavenly-destined-villain/
Images found: 0
Snippet: img:is([sizes="auto" i], [sizes^="auto," i]) { contain-intrinsic-size: 3000px 1500px } Me, The Heavenly Destined Villain Full Raw - MANHUAUS.COM {"@context":"https://schema.org","@graph":[{"@type":"WebPage","@id":"https://manhuaus.com/manga/me-the-heavenly-destined-villain/","url":"https://manhuaus.com/manga/me-the-heavenly-destined-villain/","name":"Me, The Heavenly Destined Villain Full Raw - MANHUAUS.COM","isPartOf":{"@id":"https://manhuaus.com/#website"},"primaryImageOfPage":{"@id":"https://manhuaus.com/manga/me-the-heavenly-destined-villain/#primaryimage"},"image":{"@id":"https://manhuaus.com/manga/me-the-heavenly-destined-villain/#primaryimage"},"thumbnailUrl":"https://manhuaus.com/wp-content/uploads/2021/11/w2.jpg","datePublished":"2022-05-20T15:43:44+00:00","dateModified":"2024-05
--------------------------------------------------------------------------------
[2026-04-16 10:24:49]
URL: https://manhuaus.com/manga/infinite-mage/
Images found: 0
Snippet: img:is([sizes="auto" i], [sizes^="auto," i]) { contain-intrinsic-size: 3000px 1500px } Infinite Mage - MANHUAUS.COM {"@context":"https://schema.org","@graph":[{"@type":"WebPage","@id":"https://manhuaus.com/manga/infinite-mage/","url":"https://manhuaus.com/manga/infinite-mage/","name":"Infinite Mage - MANHUAUS.COM","isPartOf":{"@id":"https://manhuaus.com/#website"},"primaryImageOfPage":{"@id":"https://manhuaus.com/manga/infinite-mage/#primaryimage"},"image":{"@id":"https://manhuaus.com/manga/infinite-mage/#primaryimage"},"thumbnailUrl":"https://manhuaus.com/wp-content/uploads/2022/12/Infinite-Mage-193x278-1.webp","datePublished":"2022-12-29T23:59:00+00:00","dateModified":"2022-12-31T15:00:31+00:00","breadcrumb":{"@id":"https://manhuaus.com/manga/infinite-mage/#breadcrumb"},"inLanguage":"en
--------------------------------------------------------------------------------
